\BOOKMARK [0][-]{chapter.1}{\376\377\000S\000T\000A\000N\000D\000F\000I\000R\000E\000\040\000U\000s\000e\000r\000\040\000G\000u\000i\000d\000e}{}% 1
\BOOKMARK [1][-]{section.1.1}{\376\377\000G\000e\000t\000t\000i\000n\000g\000\040\000S\000t\000a\000r\000t\000e\000d}{chapter.1}% 2
\BOOKMARK [2][-]{subsection.1.1.1}{\376\377\000P\000r\000e\000r\000e\000q\000u\000i\000s\000i\000t\000e\000s}{section.1.1}% 3
\BOOKMARK [1][-]{section.1.2}{\376\377\000T\000u\000t\000o\000r\000i\000a\000l\000s}{chapter.1}% 4
\BOOKMARK [2][-]{subsection.1.2.1}{\376\377\000I\000n\000t\000e\000r\000f\000a\000c\000i\000n\000g\000\040\000w\000i\000t\000h\000\040\000F\000V\000S}{section.1.2}% 5
\BOOKMARK [0][-]{chapter.2}{\376\377\000S\000T\000A\000N\000D\000F\000I\000R\000E\000\040\000A\000P\000I\000\040\000R\000e\000f\000e\000r\000e\000n\000c\000e}{}% 6
\BOOKMARK [1][-]{section.2.1}{\376\377\000F\000u\000e\000l\000s\000\040\000m\000o\000d\000u\000l\000e}{chapter.2}% 7
\BOOKMARK [2][-]{subsection.2.1.1}{\376\377\000F\000v\000s\000f\000u\000e\000l\000s}{section.2.1}% 8
\BOOKMARK [2][-]{subsection.2.1.2}{\376\377\000I\000n\000v\000e\000n\000t\000o\000r\000y}{section.2.1}% 9
\BOOKMARK [2][-]{subsection.2.1.3}{\376\377\000F\000u\000e\000l\000C\000a\000l\000c}{section.2.1}% 10
\BOOKMARK [1][-]{section.2.2}{\376\377\000C\000a\000p\000s\000i\000s\000\040\000m\000o\000d\000u\000l\000e}{chapter.2}% 11
\BOOKMARK [2][-]{subsection.2.2.1}{\376\377\000R\000u\000n\000C\000o\000n\000f\000i\000g}{section.2.2}% 12
\BOOKMARK [2][-]{subsection.2.2.2}{\376\377\000E\000x\000e\000c\000u\000t\000e}{section.2.2}% 13
\BOOKMARK [1][-]{section.2.3}{\376\377\000W\000F\000D\000S\000\040\000m\000o\000d\000u\000l\000e}{chapter.2}% 14
\BOOKMARK [2][-]{subsection.2.3.1}{\376\377\000M\000e\000s\000h}{section.2.3}% 15
\BOOKMARK [2][-]{subsection.2.3.2}{\376\377\000W\000F\000D\000S}{section.2.3}% 16
\BOOKMARK [2][-]{subsection.2.3.3}{\376\377\000E\000x\000e\000c\000u\000t\000e}{section.2.3}% 17
\BOOKMARK [2][-]{subsection.2.3.4}{\376\377\000G\000e\000n\000e\000r\000a\000t\000e\000\040\000B\000i\000n\000a\000r\000y\000\040\000G\000r\000i\000d}{section.2.3}% 18
\BOOKMARK [1][-]{section.2.4}{\376\377\000M\000e\000t\000r\000i\000c\000s\000\040\000m\000o\000d\000u\000l\000e}{chapter.2}% 19
\BOOKMARK [2][-]{subsection.2.4.1}{\376\377\000R\000a\000t\000e\000\040\000o\000f\000\040\000S\000p\000r\000e\000a\000d}{section.2.4}% 20
\BOOKMARK [2][-]{subsection.2.4.2}{\376\377\000M\000a\000s\000s\000\040\000L\000o\000s\000s}{section.2.4}% 21
\BOOKMARK [2][-]{subsection.2.4.3}{\376\377\000W\000i\000n\000d\000\040\000P\000r\000o\000f\000i\000l\000e}{section.2.4}% 22
\BOOKMARK [2][-]{subsection.2.4.4}{\376\377\000H\000e\000a\000t\000\040\000T\000r\000a\000n\000s\000f\000e\000r}{section.2.4}% 23
\BOOKMARK [0][-]{chapter.3}{\376\377\000I\000n\000d\000i\000c\000e\000s\000\040\000a\000n\000d\000\040\000t\000a\000b\000l\000e\000s}{}% 24
\BOOKMARK [0][-]{section*.91}{\376\377\000P\000y\000t\000h\000o\000n\000\040\000M\000o\000d\000u\000l\000e\000\040\000I\000n\000d\000e\000x}{}% 25
\BOOKMARK [0][-]{section*.92}{\376\377\000I\000n\000d\000e\000x}{}% 26
